<?xml version="1.0" encoding="UTF-8"?>
<!-- Generated by org.testng.reporters.JUnitReportReporter -->
<testsuite hostname="DESKTOP-VU8SFN2" failures="0" tests="1" name="Tests.Fourtest" time="0.010" errors="0" timestamp="2024-01-23T12:09:39 IST" skipped="0">
  <testcase classname="Tests.Fourtest" name="testfour" time="0.010"/>
</testsuite> <!-- Tests.Fourtest -->
